-- The C compiler identification is GNU 7.4.0
-- The CXX compiler identification is GNU 7.4.0
-- Check for working C compiler: /usr/bin/gcc
-- Check for working C compiler: /usr/bin/gcc -- works
-- Detecting C compiler ABI info
-- Detecting C compiler ABI info - done
-- Detecting C compile features
-- Detecting C compile features - done
-- Check for working CXX compiler: /usr/bin/g++
-- Check for working CXX compiler: /usr/bin/g++ -- works
-- Detecting CXX compiler ABI info
-- Detecting CXX compiler ABI info - done
-- Detecting CXX compile features
-- Detecting CXX compile features - done
-- Found OpenMP_C: -fopenmp (found version "4.5") 
-- Found OpenMP_CXX: -fopenmp (found version "4.5") 
-- Found OpenMP: TRUE (found version "4.5")  
-- Found Git: /usr/bin/git (found version "2.17.1") 
-- Found ROOT: /home/johannes/.bdm/third_party/root/bin/root-config  
-- Found NUMA library /usr/lib/x86_64-linux-gnu/libnuma.so
-- Successfully loaded VTK-m component Base
-- Successfully loaded VTK-m component Base
-- Found ParaView
-- Performing Test COMPILER_SUPPORTS_CXX14
-- Performing Test COMPILER_SUPPORTS_CXX14 - Success
-- Configuring done
-- Generating done
-- Build files have been written to: /home/johannes/biodynamo/mySim/combine_modules/build
