make: Entering directory '/home/johannes/biodynamo/mySim/combine_modules/build'
make[1]: Entering directory '/home/johannes/biodynamo/mySim/combine_modules/build'
make[2]: Entering directory '/home/johannes/biodynamo/mySim/combine_modules/build'
Scanning dependencies of target combine_modules-objectlib
make[2]: Leaving directory '/home/johannes/biodynamo/mySim/combine_modules/build'
make[2]: Entering directory '/home/johannes/biodynamo/mySim/combine_modules/build'
[ 16%] Building CXX object CMakeFiles/combine_modules-objectlib.dir/src/combine_modules.cc.o
make[2]: Leaving directory '/home/johannes/biodynamo/mySim/combine_modules/build'
[ 16%] Built target combine_modules-objectlib
make[2]: Entering directory '/home/johannes/biodynamo/mySim/combine_modules/build'
Scanning dependencies of target combine_modules-dict
make[2]: Leaving directory '/home/johannes/biodynamo/mySim/combine_modules/build'
make[2]: Entering directory '/home/johannes/biodynamo/mySim/combine_modules/build'
[ 33%] Build dictionary combine_modules-dict
make[2]: Leaving directory '/home/johannes/biodynamo/mySim/combine_modules/build'
[ 33%] Built target combine_modules-dict
make[2]: Entering directory '/home/johannes/biodynamo/mySim/combine_modules/build'
Scanning dependencies of target combine_modules-custom-streamer-dict
make[2]: Leaving directory '/home/johannes/biodynamo/mySim/combine_modules/build'
make[2]: Entering directory '/home/johannes/biodynamo/mySim/combine_modules/build'
[ 50%] Build dictionary combine_modules-custom-streamer-dict
make[2]: Leaving directory '/home/johannes/biodynamo/mySim/combine_modules/build'
[ 50%] Built target combine_modules-custom-streamer-dict
make[2]: Entering directory '/home/johannes/biodynamo/mySim/combine_modules/build'
Scanning dependencies of target combine_modules
make[2]: Leaving directory '/home/johannes/biodynamo/mySim/combine_modules/build'
make[2]: Entering directory '/home/johannes/biodynamo/mySim/combine_modules/build'
[ 66%] Building CXX object CMakeFiles/combine_modules.dir/combine_modules_dict.cc.o
[ 83%] Building CXX object CMakeFiles/combine_modules.dir/combine_modules_custom_streamers_dict.cc.o
[100%] Linking CXX executable combine_modules
make[2]: Leaving directory '/home/johannes/biodynamo/mySim/combine_modules/build'
[100%] Built target combine_modules
make[1]: Leaving directory '/home/johannes/biodynamo/mySim/combine_modules/build'
make: Leaving directory '/home/johannes/biodynamo/mySim/combine_modules/build'
